Arguments: 
  /home/mikemax/.nvm/versions/node/v18.17.1/bin/node /home/mikemax/.nvm/versions/node/v18.17.1/bin/yarn install

PATH: 
  /home/mikemax/.nvm/versions/node/v18.17.1/bin:/usr/local/sbin:/usr/local/bin:/usr/sbin:/usr/bin:/sbin:/bin:/usr/games:/usr/local/games:/usr/lib/wsl/lib:/mnt/c/Windows/system32:/mnt/c/Windows:/mnt/c/Windows/System32/Wbem:/mnt/c/Windows/System32/WindowsPowerShell/v1.0/:/mnt/c/Windows/System32/OpenSSH/:/mnt/c/Program Files/nodejs/:/mnt/c/Program Files/Git/cmd:/mnt/c/Users/MICROCOM/AppData/Local/Microsoft/WindowsApps:/mnt/c/Users/MICROCOM/AppData/Local/Programs/Microsoft VS Code/bin:/mnt/c/Users/MICROCOM/AppData/Roaming/npm

Yarn version: 
  1.22.19

Node version: 
  18.17.1

Platform: 
  linux x64

Trace: 
  Error: read ECONNRESET
      at TLSWrap.onStreamRead (node:internal/stream_base_commons:217:20)

npm manifest: 
  {
  	"name": "clientside",
  	"version": "0.0.1",
  	"private": true,
  	"scripts": {
  		"dev": "vite dev",
  		"build": "vite build",
  		"preview": "vite preview",
  		"check": "svelte-kit sync && svelte-check --tsconfig ./jsconfig.json",
  		"check:watch": "svelte-kit sync && svelte-check --tsconfig ./jsconfig.json --watch",
  		"test": "vitest",
  		"lint": "prettier --plugin-search-dir . --check . && eslint .",
  		"format": "prettier --plugin-search-dir . --write ."
  	},
  	"devDependencies": {
  		"@sveltejs/adapter-auto": "^2.0.0",
  		"@sveltejs/kit": "^1.20.4",
  		"eslint": "^8.28.0",
  		"eslint-config-prettier": "^8.5.0",
  		"eslint-plugin-svelte": "^2.30.0",
  		"prettier": "^2.8.0",
  		"prettier-plugin-svelte": "^2.10.1",
  		"svelte": "^4.0.5",
  		"svelte-check": "^3.4.3",
  		"typescript": "^5.0.0",
  		"vite": "^4.4.2",
  		"vitest": "^0.34.0"
  	},
  	"type": "module"
  }

yarn manifest: 
  No manifest

Lockfile: 
  No lockfile
